This is pdfTeX, Version 3.14159265-2.6-1.40.16 (TeX Live 2015) (preloaded format=pdflatex 2015.7.6)  17 NOV 2017 10:31
entering extended mode
 restricted \write18 enabled.
 file:line:error style messages enabled.
 %&-line parsing enabled.
**Main.tex
(./Main.tex
LaTeX2e <2015/01/01> patch level 1
Babel <3.9l> and hyphenation patterns for 79 languages loaded.
(./IEEEtran.cls
Document Class: IEEEtran 2012/11/21 V1.8c by Harald Hanche-Olsen and Anders Chr
istensen
-- Based on V1.7a by Michael Shell
-- See the "IEEEtran_HOWTO" manual for usage information.
-- http://www.michaelshell.org/tex/ieeetran/
\@IEEEtrantmpdimenA=\dimen102
\@IEEEtrantmpdimenB=\dimen103
\@IEEEtrantmpcountA=\count79
\@IEEEtrantmpcountB=\count80
\@IEEEtrantmptoksA=\toks14
LaTeX Font Info:    Try loading font information for OT1+ptm on input line 373.

(/usr/local/texlive/2015/texmf-dist/tex/latex/psnfss/ot1ptm.fd
File: ot1ptm.fd 2001/06/04 font definitions for OT1/ptm.
)
-- Using 8.5in x 11in (letter) paper.
-- Using PDF output.
\@IEEEnormalsizeunitybaselineskip=\dimen104
-- This is a 10 point document.
\CLASSINFOnormalsizebaselineskip=\dimen105
\CLASSINFOnormalsizeunitybaselineskip=\dimen106
\IEEEnormaljot=\dimen107
LaTeX Font Info:    Font shape `OT1/ptm/bx/n' in size <5> not available
(Font)              Font shape `OT1/ptm/b/n' tried instead on input line 731.
LaTeX Font Info:    Font shape `OT1/ptm/bx/it' in size <5> not available
(Font)              Font shape `OT1/ptm/b/it' tried instead on input line 731.
LaTeX Font Info:    Font shape `OT1/ptm/bx/n' in size <7> not available
(Font)              Font shape `OT1/ptm/b/n' tried instead on input line 731.
LaTeX Font Info:    Font shape `OT1/ptm/bx/it' in size <7> not available
(Font)              Font shape `OT1/ptm/b/it' tried instead on input line 731.
LaTeX Font Info:    Font shape `OT1/ptm/bx/n' in size <8> not available
(Font)              Font shape `OT1/ptm/b/n' tried instead on input line 731.
LaTeX Font Info:    Font shape `OT1/ptm/bx/it' in size <8> not available
(Font)              Font shape `OT1/ptm/b/it' tried instead on input line 731.
LaTeX Font Info:    Font shape `OT1/ptm/bx/n' in size <9> not available
(Font)              Font shape `OT1/ptm/b/n' tried instead on input line 731.
LaTeX Font Info:    Font shape `OT1/ptm/bx/it' in size <9> not available
(Font)              Font shape `OT1/ptm/b/it' tried instead on input line 731.
LaTeX Font Info:    Font shape `OT1/ptm/bx/n' in size <10> not available
(Font)              Font shape `OT1/ptm/b/n' tried instead on input line 731.
LaTeX Font Info:    Font shape `OT1/ptm/bx/it' in size <10> not available
(Font)              Font shape `OT1/ptm/b/it' tried instead on input line 731.
LaTeX Font Info:    Font shape `OT1/ptm/bx/n' in size <11> not available
(Font)              Font shape `OT1/ptm/b/n' tried instead on input line 731.
LaTeX Font Info:    Font shape `OT1/ptm/bx/it' in size <11> not available
(Font)              Font shape `OT1/ptm/b/it' tried instead on input line 731.
LaTeX Font Info:    Font shape `OT1/ptm/bx/n' in size <12> not available
(Font)              Font shape `OT1/ptm/b/n' tried instead on input line 731.
LaTeX Font Info:    Font shape `OT1/ptm/bx/it' in size <12> not available
(Font)              Font shape `OT1/ptm/b/it' tried instead on input line 731.
LaTeX Font Info:    Font shape `OT1/ptm/bx/n' in size <17> not available
(Font)              Font shape `OT1/ptm/b/n' tried instead on input line 731.
LaTeX Font Info:    Font shape `OT1/ptm/bx/it' in size <17> not available
(Font)              Font shape `OT1/ptm/b/it' tried instead on input line 731.
LaTeX Font Info:    Font shape `OT1/ptm/bx/n' in size <20> not available
(Font)              Font shape `OT1/ptm/b/n' tried instead on input line 731.
LaTeX Font Info:    Font shape `OT1/ptm/bx/it' in size <20> not available
(Font)              Font shape `OT1/ptm/b/it' tried instead on input line 731.
LaTeX Font Info:    Font shape `OT1/ptm/bx/n' in size <24> not available
(Font)              Font shape `OT1/ptm/b/n' tried instead on input line 731.
LaTeX Font Info:    Font shape `OT1/ptm/bx/it' in size <24> not available
(Font)              Font shape `OT1/ptm/b/it' tried instead on input line 731.
\IEEEilabelindentA=\dimen108
\IEEEilabelindentB=\dimen109
\IEEEilabelindent=\dimen110
\IEEEelabelindent=\dimen111
\IEEEdlabelindent=\dimen112
\IEEElabelindent=\dimen113
\IEEEiednormlabelsep=\dimen114
\IEEEiedmathlabelsep=\dimen115
\IEEEiedtopsep=\skip41
\c@section=\count81
\c@subsection=\count82
\c@subsubsection=\count83
\c@paragraph=\count84
\c@IEEEsubequation=\count85
\abovecaptionskip=\skip42
\belowcaptionskip=\skip43
\c@figure=\count86
\c@table=\count87
\@IEEEeqnnumcols=\count88
\@IEEEeqncolcnt=\count89
\@IEEEtmpitemindent=\dimen116
\c@IEEEbiography=\count90
\@IEEEtranrubishbin=\box26
)
** ATTENTION: Overriding command lockouts (line 3).
(/usr/local/texlive/2015/texmf-dist/tex/latex/cite/cite.sty
LaTeX Info: Redefining \cite on input line 302.
LaTeX Info: Redefining \nocite on input line 332.
Package: cite 2015/02/27  v 5.5
)
(/usr/local/texlive/2015/texmf-dist/tex/latex/amsmath/amsmath.sty
Package: amsmath 2013/01/14 v2.14 AMS math features
\@mathmargin=\skip44

For additional information on amsmath, use the `?' option.
(/usr/local/texlive/2015/texmf-dist/tex/latex/amsmath/amstext.sty
Package: amstext 2000/06/29 v2.01

(/usr/local/texlive/2015/texmf-dist/tex/latex/amsmath/amsgen.sty
File: amsgen.sty 1999/11/30 v2.0
\@emptytoks=\toks15
\ex@=\dimen117
))
(/usr/local/texlive/2015/texmf-dist/tex/latex/amsmath/amsbsy.sty
Package: amsbsy 1999/11/29 v1.2d
\pmbraise@=\dimen118
)
(/usr/local/texlive/2015/texmf-dist/tex/latex/amsmath/amsopn.sty
Package: amsopn 1999/12/14 v2.01 operator names
)
\inf@bad=\count91
LaTeX Info: Redefining \frac on input line 210.
\uproot@=\count92
\leftroot@=\count93
LaTeX Info: Redefining \overline on input line 306.
\classnum@=\count94
\DOTSCASE@=\count95
LaTeX Info: Redefining \ldots on input line 378.
LaTeX Info: Redefining \dots on input line 381.
LaTeX Info: Redefining \cdots on input line 466.
\Mathstrutbox@=\box27
\strutbox@=\box28
\big@size=\dimen119
LaTeX Font Info:    Redeclaring font encoding OML on input line 566.
LaTeX Font Info:    Redeclaring font encoding OMS on input line 567.
\macc@depth=\count96
\c@MaxMatrixCols=\count97
\dotsspace@=\muskip10
\c@parentequation=\count98
\dspbrk@lvl=\count99
\tag@help=\toks16
\row@=\count100
\column@=\count101
\maxfields@=\count102
\andhelp@=\toks17
\eqnshift@=\dimen120
\alignsep@=\dimen121
\tagshift@=\dimen122
\tagwidth@=\dimen123
\totwidth@=\dimen124
\lineht@=\dimen125
\@envbody=\toks18
\multlinegap=\skip45
\multlinetaggap=\skip46
\mathdisplay@stack=\toks19
LaTeX Info: Redefining \[ on input line 2665.
LaTeX Info: Redefining \] on input line 2666.
)
(/usr/local/texlive/2015/texmf-dist/tex/latex/graphics/graphics.sty
Package: graphics 2014/10/28 v1.0p Standard LaTeX Graphics (DPC,SPQR)

(/usr/local/texlive/2015/texmf-dist/tex/latex/graphics/trig.sty
Package: trig 1999/03/16 v1.09 sin cos tan (DPC)
)
(/usr/local/texlive/2015/texmf-dist/tex/latex/latexconfig/graphics.cfg
File: graphics.cfg 2010/04/23 v1.9 graphics configuration of TeX Live
)
Package graphics Info: Driver file: pdftex.def on input line 94.

(/usr/local/texlive/2015/texmf-dist/tex/latex/pdftex-def/pdftex.def
File: pdftex.def 2011/05/27 v0.06d Graphics/color for pdfTeX

(/usr/local/texlive/2015/texmf-dist/tex/generic/oberdiek/infwarerr.sty
Package: infwarerr 2010/04/08 v1.3 Providing info/warning/error messages (HO)
)
(/usr/local/texlive/2015/texmf-dist/tex/generic/oberdiek/ltxcmds.sty
Package: ltxcmds 2011/11/09 v1.22 LaTeX kernel commands for general use (HO)
)
\Gread@gobject=\count103
))
(/usr/local/texlive/2015/texmf-dist/tex/latex/graphics/graphicx.sty
Package: graphicx 2014/10/28 v1.0g Enhanced LaTeX Graphics (DPC,SPQR)

(/usr/local/texlive/2015/texmf-dist/tex/latex/graphics/keyval.sty
Package: keyval 2014/10/28 v1.15 key=value parser (DPC)
\KV@toks@=\toks20
)
\Gin@req@height=\dimen126
\Gin@req@width=\dimen127
)
(/usr/local/texlive/2015/texmf-dist/tex/latex/subfigure/subfigure.sty
Package: subfigure 2002/03/15 v2.1.5 subfigure package
\subfigtopskip=\skip47
\subfigcapskip=\skip48
\subfigcaptopadj=\dimen128
\subfigbottomskip=\skip49
\subfigcapmargin=\dimen129
\subfiglabelskip=\skip50
\c@subfigure=\count104
\c@lofdepth=\count105
\c@subtable=\count106
\c@lotdepth=\count107

****************************************
* Local config file subfigure.cfg used *
****************************************
(/usr/local/texlive/2015/texmf-dist/tex/latex/subfigure/subfigure.cfg)
\subfig@top=\skip51
\subfig@bottom=\skip52
)
(/usr/local/texlive/2015/texmf-dist/tex/latex/graphics/epsfig.sty
Package: epsfig 1999/02/16 v1.7a (e)psfig emulation (SPQR)
\epsfxsize=\dimen130
\epsfysize=\dimen131
)
(/usr/local/texlive/2015/texmf-dist/tex/latex/algorithms/algorithmic.sty
Package: algorithmic 2009/08/24 v0.1 Document Style `algorithmic'

(/usr/local/texlive/2015/texmf-dist/tex/latex/base/ifthen.sty
Package: ifthen 2014/09/29 v1.1c Standard LaTeX ifthen package (DPC)
)
\c@ALC@unique=\count108
\c@ALC@line=\count109
\c@ALC@rem=\count110
\c@ALC@depth=\count111
\ALC@tlm=\skip53
\algorithmicindent=\skip54
)
(/usr/local/texlive/2015/texmf-dist/tex/latex/algorithm2e/algorithm2e.sty
Package: algorithm2e 2013/01/06 v5.00 algorithms environments
\c@AlgoLine=\count112

(/usr/local/texlive/2015/texmf-dist/tex/latex/tools/xspace.sty
Package: xspace 2014/10/28 v1.13 Space after command names (DPC,MH)
)
(/usr/local/texlive/2015/texmf-dist/tex/latex/relsize/relsize.sty
Package: relsize 2013/03/29 ver 4.1
)
(/usr/local/texlive/2015/texmf-dist/tex/latex/graphics/color.sty
Package: color 2014/10/28 v1.1a Standard LaTeX Color (DPC)

(/usr/local/texlive/2015/texmf-dist/tex/latex/latexconfig/color.cfg
File: color.cfg 2007/01/18 v1.5 color configuration of teTeX/TeXLive
)
Package color Info: Driver file: pdftex.def on input line 142.
)
********************************************************
Package `algorithm2e' Release 5.0 -- january 06 2013 --
- algorithm2e-announce@lirmm.fr mailing list for announcement about releases
- algorithm2e-discussion@lirmm.fr mailing list for discussion about package
subscribe by emailing sympa@lirmm.fr with 'subscribe <list> <firstname name>'
- Author: Christophe Fiorio (cfiorio@um2.fr)
********************************************************
\skiptotal=\skip55
\skiplinenumber=\skip56
\skiprule=\skip57
\skiphlne=\skip58
\skiptext=\skip59
\skiplength=\skip60
\algomargin=\skip61
\skipalgocfslide=\skip62
\algowidth=\dimen132
\inoutsize=\dimen133
\inoutindent=\dimen134
\interspacetitleruled=\dimen135
\interspacealgoruled=\dimen136
\interspacetitleboxruled=\dimen137
\algocf@inoutbox=\box29
\algocf@inputbox=\box30
\AlCapSkip=\skip63
\AlCapHSkip=\skip64
\algoskipindent=\skip65
\algocf@nlbox=\box31
\algocf@hangingbox=\box32
\algocf@untilbox=\box33
\algocf@skipuntil=\skip66
\algocf@capbox=\box34
\algoheightruledefault=\skip67
\algoheightrule=\skip68
\algotitleheightruledefault=\skip69
\algotitleheightrule=\skip70
\c@algocfline=\count113
\c@algocfproc=\count114
\c@algocf=\count115
\algocf@algoframe=\box35
\algocf@algobox=\box36
) (/usr/local/texlive/2015/texmf-dist/tex/latex/amsfonts/amsfonts.sty
Package: amsfonts 2013/01/14 v3.01 Basic AMSFonts support
\symAMSa=\mathgroup4
\symAMSb=\mathgroup5
LaTeX Font Info:    Overwriting math alphabet `\mathfrak' in version `bold'
(Font)                  U/euf/m/n --> U/euf/b/n on input line 106.
)
(/usr/local/texlive/2015/texmf-dist/tex/latex/float/float.sty
Package: float 2001/11/08 v1.3d Float enhancements (AL)
\c@float@type=\count116
\float@exts=\toks21
\float@box=\box37
\@float@everytoks=\toks22
\@floatcapt=\box38
)
(/usr/local/texlive/2015/texmf-dist/tex/latex/tools/enumerate.sty
Package: enumerate 2014/10/28 v3.00 enumerate extensions (DPC)
\@enLab=\toks23
)
(/usr/local/texlive/2015/texmf-dist/tex/latex/tools/verbatim.sty
Package: verbatim 2014/10/28 v1.5q LaTeX2e package for verbatim enhancements
\every@verbatim=\toks24
\verbatim@line=\toks25
\verbatim@in@stream=\read1
)
(/usr/local/texlive/2015/texmf-dist/tex/latex/caption/caption3.sty
Package: caption3 2013/05/02 v1.6-88 caption3 kernel (AR)
Package caption3 Info: TeX engine: e-TeX on input line 57.
\captionmargin=\dimen138
\captionmargin@=\dimen139
\captionwidth=\dimen140
\caption@tempdima=\dimen141
\caption@indent=\dimen142
\caption@parindent=\dimen143
\caption@hangindent=\dimen144
Package caption Info: Unknown document class (or package),
(caption)             standard defaults will be used.
)
(/usr/local/texlive/2015/texmf-dist/tex/latex/caption/caption.sty
Package: caption 2013/05/02 v3.3-89 Customizing captions (AR)


Package caption Warning: Unsupported document class (or package) detected,
(caption)                usage of the caption package is not recommended.
See the caption package documentation for explanation.

Package caption Info: \@makecaption = \long macro:#1#2->\ifx \@captype \@IEEEta
blestring \footnotesize {\centering \normalfont \footnotesize #1.\qquad \scshap
e #2\par }\@IEEEtablecaptionsepspace \else \@IEEEfigurecaptionsepspace \setbox 
\@tempboxa \hbox {\normalfont \footnotesize {#1.}~~ #2}\ifdim \wd \@tempboxa >\
hsize \setbox \@tempboxa \hbox {\normalfont \footnotesize {#1.}~~ }\parbox [t]{
\hsize }{\normalfont \footnotesize \noindent \unhbox \@tempboxa #2}\else \ifCLA
SSOPTIONconference \hbox to\hsize {\normalfont \footnotesize \box \@tempboxa \h
fil }\else \hbox to\hsize {\normalfont \footnotesize \box \@tempboxa \hfil }\fi
 \fi \fi .
\c@ContinuedFloat=\count117
Package caption Info: float package is loaded.
Package caption Info: subfigure package is loaded.
) (/usr/local/texlive/2015/texmf-dist/tex/latex/oberdiek/epstopdf.sty
Package: epstopdf 2010/02/09 v2.5 Conversion with epstopdf on the fly (HO)

(/usr/local/texlive/2015/texmf-dist/tex/latex/oberdiek/epstopdf-base.sty
Package: epstopdf-base 2010/02/09 v2.5 Base part for package epstopdf

(/usr/local/texlive/2015/texmf-dist/tex/latex/oberdiek/grfext.sty
Package: grfext 2010/08/19 v1.1 Manage graphics extensions (HO)

(/usr/local/texlive/2015/texmf-dist/tex/generic/oberdiek/kvdefinekeys.sty
Package: kvdefinekeys 2011/04/07 v1.3 Define keys (HO)
))
(/usr/local/texlive/2015/texmf-dist/tex/latex/oberdiek/kvoptions.sty
Package: kvoptions 2011/06/30 v3.11 Key value format for package options (HO)

(/usr/local/texlive/2015/texmf-dist/tex/generic/oberdiek/kvsetkeys.sty
Package: kvsetkeys 2012/04/25 v1.16 Key value parser (HO)

(/usr/local/texlive/2015/texmf-dist/tex/generic/oberdiek/etexcmds.sty
Package: etexcmds 2011/02/16 v1.5 Avoid name clashes with e-TeX commands (HO)

(/usr/local/texlive/2015/texmf-dist/tex/generic/oberdiek/ifluatex.sty
Package: ifluatex 2010/03/01 v1.3 Provides the ifluatex switch (HO)
Package ifluatex Info: LuaTeX not detected.
)
Package etexcmds Info: Could not find \expanded.
(etexcmds)             That can mean that you are not using pdfTeX 1.50 or
(etexcmds)             that some package has redefined \expanded.
(etexcmds)             In the latter case, load this package earlier.
)))
(/usr/local/texlive/2015/texmf-dist/tex/generic/oberdiek/pdftexcmds.sty
Package: pdftexcmds 2011/11/29 v0.20 Utility functions of pdfTeX for LuaTeX (HO
)

(/usr/local/texlive/2015/texmf-dist/tex/generic/oberdiek/ifpdf.sty
Package: ifpdf 2011/01/30 v2.3 Provides the ifpdf switch (HO)
Package ifpdf Info: pdfTeX in PDF mode is detected.
)
Package pdftexcmds Info: LuaTeX not detected.
Package pdftexcmds Info: \pdf@primitive is available.
Package pdftexcmds Info: \pdf@ifprimitive is available.
Package pdftexcmds Info: \pdfdraftmode found.
)
Package grfext Info: Graphics extension search list:
(grfext)             [.png,.pdf,.jpg,.mps,.jpeg,.jbig2,.jb2,.PNG,.PDF,.JPG,.JPE
G,.JBIG2,.JB2,.eps]
(grfext)             \AppendGraphicsExtensions on input line 452.

(/usr/local/texlive/2015/texmf-dist/tex/latex/latexconfig/epstopdf-sys.cfg
File: epstopdf-sys.cfg 2010/07/13 v1.3 Configuration of (r)epstopdf for TeX Liv
e
)))
(/usr/local/texlive/2015/texmf-dist/tex/latex/url/url.sty
\Urlmuskip=\muskip11
Package: url 2013/09/16  ver 3.4  Verb mode for urls, etc.
)
(/usr/local/texlive/2015/texmf-dist/tex/latex/tools/array.sty
Package: array 2014/10/28 v2.4c Tabular extension package (FMi)
\col@sep=\dimen145
\extrarowheight=\dimen146
\NC@list=\toks26
\extratabsurround=\skip71
\backup@length=\skip72
)
(/usr/local/texlive/2015/texmf-dist/tex/latex/subfig/subfig.sty
Package: subfig 2005/06/28 ver: 1.3 subfig package
\c@KVtest=\count118
\sf@farskip=\skip73
\sf@captopadj=\dimen147
\sf@capskip=\skip74
\sf@nearskip=\skip75
\sf@top=\skip76
\sf@bottom=\skip77
) (./Main.aux)
\openout1 = `Main.aux'.

LaTeX Font Info:    Checking defaults for OML/cmm/m/it on input line 22.
LaTeX Font Info:    ... okay on input line 22.
LaTeX Font Info:    Checking defaults for T1/cmr/m/n on input line 22.
LaTeX Font Info:    ... okay on input line 22.
LaTeX Font Info:    Checking defaults for OT1/cmr/m/n on input line 22.
LaTeX Font Info:    ... okay on input line 22.
LaTeX Font Info:    Checking defaults for OMS/cmsy/m/n on input line 22.
LaTeX Font Info:    ... okay on input line 22.
LaTeX Font Info:    Checking defaults for OMX/cmex/m/n on input line 22.
LaTeX Font Info:    ... okay on input line 22.
LaTeX Font Info:    Checking defaults for U/cmr/m/n on input line 22.
LaTeX Font Info:    ... okay on input line 22.

(/usr/local/texlive/2015/texmf-dist/tex/context/base/supp-pdf.mkii
[Loading MPS to PDF converter (version 2006.09.02).]
\scratchcounter=\count119
\scratchdimen=\dimen148
\scratchbox=\box39
\nofMPsegments=\count120
\nofMParguments=\count121
\everyMPshowfont=\toks27
\MPscratchCnt=\count122
\MPscratchDim=\dimen149
\MPnumerator=\count123
\makeMPintoPDFobject=\count124
\everyMPtoPDFconversion=\toks28
)
Package caption Info: Begin \AtBeginDocument code.
Package caption Info: subfig package v1.3 is loaded.
Package caption Info: End \AtBeginDocument code.


LaTeX Warning: No \author given.

(./Introduction.tex
Missing character: There is no ° in font ptmr7t!
Missing character: There is no ∞ in font ptmr7t!
Missing character: There is no ° in font ptmr7t!
Missing character: There is no ± in font ptmr7t!

Underfull \vbox (badness 10000) has occurred while \output is active []

 [1{/usr/local/texlive/2015/texmf-var/fonts/map/pdftex/updmap/pdftex.map}


])
(./Overview.tex <fig/overview.pdf, id=9, 514.32152pt x 303.534pt>
File: fig/overview.pdf Graphic file (type pdf)

<use fig/overview.pdf>
Package pdftex.def Info: fig/overview.pdf used on input line 16.
(pdftex.def)             Requested size: 1028.64053pt x 607.0665pt.
LaTeX Font Info:    Try loading font information for U+msa on input line 24.

(/usr/local/texlive/2015/texmf-dist/tex/latex/amsfonts/umsa.fd
File: umsa.fd 2013/01/14 v3.01 AMS symbols A
)
LaTeX Font Info:    Try loading font information for U+msb on input line 24.

(/usr/local/texlive/2015/texmf-dist/tex/latex/amsfonts/umsb.fd
File: umsb.fd 2013/01/14 v3.01 AMS symbols B
)
<fig/architecture.pdf, id=10, 1139.45695pt x 728.12027pt>
File: fig/architecture.pdf Graphic file (type pdf)

<use fig/architecture.pdf>
Package pdftex.def Info: fig/architecture.pdf used on input line 44.
(pdftex.def)             Requested size: 2278.90839pt x 1456.23697pt.
) (./Design.tex [2 <./fig/overview.pdf> <./fig/architecture.pdf

pdfTeX warning: /usr/texbin/pdflatex (file ./fig/architecture.pdf): PDF inclusi
on: multiple pdfs with page group included in a single page
>] <fig/ThunderLoc.pdf, id=77, 1988.02722pt x 1193.05722pt>
File: fig/ThunderLoc.pdf Graphic file (type pdf)

<use fig/ThunderLoc.pdf>
Package pdftex.def Info: fig/ThunderLoc.pdf used on input line 22.
(pdftex.def)             Requested size: 2783.21922pt x 1670.26874pt.
 <fig/dualmic.pdf, id=78, 980.46298pt x 414.34799pt>
File: fig/dualmic.pdf Graphic file (type pdf)

<use fig/dualmic.pdf>
Package pdftex.def Info: fig/dualmic.pdf used on input line 33.
(pdftex.def)             Requested size: 256.06633pt x 113.8101pt.

Overfull \hbox (3.01646pt too wide) in paragraph at lines 33--35
 [][] 
 []

<fig/client.pdf, id=79, 736.55174pt x 514.32152pt>
File: fig/client.pdf Graphic file (type pdf)
 <use fig/client.pdf>
Package pdftex.def Info: fig/client.pdf used on input line 45.
(pdftex.def)             Requested size: 1473.09988pt x 1028.64053pt.

<fig/modechange.pdf, id=80, 925.65826pt x 599.84097pt>
File: fig/modechange.pdf Graphic file (type pdf)

<use fig/modechange.pdf>
Package pdftex.def Info: fig/modechange.pdf used on input line 69.
(pdftex.def)             Requested size: 1295.91275pt x 839.77162pt.
 <fig/server.pdf, id=81, 1103.32195pt x 554.67223pt>
File: fig/server.pdf Graphic file (type pdf)

<use fig/server.pdf>
Package pdftex.def Info: fig/server.pdf used on input line 111.
(pdftex.def)             Requested size: 1544.64023pt x 776.53583pt.
 [3 <./fig/ThunderLoc.pdf> <./fig/dualmic.pdf

pdfTeX warning: /usr/texbin/pdflatex (file ./fig/dualmic.pdf): PDF inclusion: m
ultiple pdfs with page group included in a single page
> <./fig/client.pdf

pdfTeX warning: /usr/texbin/pdflatex (file ./fig/client.pdf): PDF inclusion: mu
ltiple pdfs with page group included in a single page
> <./fig/modechange.pdf

pdfTeX warning: /usr/texbin/pdflatex (file ./fig/modechange.pdf): PDF inclusion
: multiple pdfs with page group included in a single page
>]
Package epstopdf Info: Source file: <image/Hamming_distance2.eps>
(epstopdf)                    date: 2015-03-28 16:40:14
(epstopdf)                    size: 93375 bytes
(epstopdf)             Output file: <image/Hamming_distance2-eps-converted-to.p
df>
(epstopdf)                    date: 2016-12-15 18:59:16
(epstopdf)                    size: 117916 bytes
(epstopdf)             Command: <repstopdf --outfile=image/Hamming_distance2-ep
s-converted-to.pdf image/Hamming_distance2.eps>
(epstopdf)             \includegraphics on input line 145.
Package epstopdf Info: Output file is already uptodate.

<image/Hamming_distance2-eps-converted-to.pdf, id=134, 574.145pt x 296.10625pt>
File: image/Hamming_distance2-eps-converted-to.pdf Graphic file (type pdf)
<use image/Hamming_distance2-eps-converted-to.pdf>
Package pdftex.def Info: image/Hamming_distance2-eps-converted-to.pdf used on i
nput line 145.
(pdftex.def)             Requested size: 803.79753pt x 414.5459pt.
Package epstopdf Info: Source file: <fig/Hamming1.eps>
(epstopdf)                    date: 2016-12-23 14:04:06
(epstopdf)                    size: 29504 bytes
(epstopdf)             Output file: <fig/Hamming1-eps-converted-to.pdf>
(epstopdf)                    date: 2016-12-23 14:09:44
(epstopdf)                    size: 11570 bytes
(epstopdf)             Command: <repstopdf --outfile=fig/Hamming1-eps-converted
-to.pdf fig/Hamming1.eps>
(epstopdf)             \includegraphics on input line 163.
Package epstopdf Info: Output file is already uptodate.

<fig/Hamming1-eps-converted-to.pdf, id=135, 903.375pt x 591.20876pt>
File: fig/Hamming1-eps-converted-to.pdf Graphic file (type pdf)

<use fig/Hamming1-eps-converted-to.pdf>
Package pdftex.def Info: fig/Hamming1-eps-converted-to.pdf used on input line 1
63.
(pdftex.def)             Requested size: 123.90775pt x 81.09052pt.

Overfull \hbox (10.03609pt too wide) in paragraph at lines 163--167
 [][] 
 []

Package epstopdf Info: Source file: <fig/Hamming2.eps>
(epstopdf)                    date: 2016-12-23 14:04:04
(epstopdf)                    size: 281990 bytes
(epstopdf)             Output file: <fig/Hamming2-eps-converted-to.pdf>
(epstopdf)                    date: 2016-12-23 14:09:46
(epstopdf)                    size: 76032 bytes
(epstopdf)             Command: <repstopdf --outfile=fig/Hamming2-eps-converted
-to.pdf fig/Hamming2.eps>
(epstopdf)             \includegraphics on input line 171.
Package epstopdf Info: Output file is already uptodate.
<fig/Hamming2-eps-converted-to.pdf, id=136, 903.375pt x 591.20876pt>
File: fig/Hamming2-eps-converted-to.pdf Graphic file (type pdf)

<use fig/Hamming2-eps-converted-to.pdf>
Package pdftex.def Info: fig/Hamming2-eps-converted-to.pdf used on input line 1
71.
(pdftex.def)             Requested size: 123.90775pt x 81.09052pt.

Overfull \hbox (10.03609pt too wide) in paragraph at lines 171--175
 [][] 
 []

[4 <./fig/server.pdf> <./image/Hamming_distance2-eps-converted-to.pdf> <./fig/H
amming1-eps-converted-to.pdf> <./fig/Hamming2-eps-converted-to.pdf>]
Package epstopdf Info: Source file: <image/node.eps>
(epstopdf)                    date: 2015-04-13 20:37:24
(epstopdf)                    size: 267246 bytes
(epstopdf)             Output file: <image/node-eps-converted-to.pdf>
(epstopdf)                    date: 2016-12-15 18:59:26
(epstopdf)                    size: 18460 bytes
(epstopdf)             Command: <repstopdf --outfile=image/node-eps-converted-t
o.pdf image/node.eps>
(epstopdf)             \includegraphics on input line 241.
Package epstopdf Info: Output file is already uptodate.

<image/node-eps-converted-to.pdf, id=192, 348.30125pt x 247.92625pt>
File: image/node-eps-converted-to.pdf Graphic file (type pdf)

<use image/node-eps-converted-to.pdf>
Package pdftex.def Info: image/node-eps-converted-to.pdf used on input line 241
.
(pdftex.def)             Requested size: 111.92105pt x 79.6678pt.
Package epstopdf Info: Source file: <image/angleposition.eps>
(epstopdf)                    date: 2015-04-13 20:37:14
(epstopdf)                    size: 357089 bytes
(epstopdf)             Output file: <image/angleposition-eps-converted-to.pdf>
(epstopdf)                    date: 2016-12-15 18:59:30
(epstopdf)                    size: 38878 bytes
(epstopdf)             Command: <repstopdf --outfile=image/angleposition-eps-co
nverted-to.pdf image/angleposition.eps>
(epstopdf)             \includegraphics on input line 251.
Package epstopdf Info: Output file is already uptodate.

<image/angleposition-eps-converted-to.pdf, id=193, 272.01625pt x 188.705pt>
File: image/angleposition-eps-converted-to.pdf Graphic file (type pdf)

<use image/angleposition-eps-converted-to.pdf>
Package pdftex.def Info: image/angleposition-eps-converted-to.pdf used on input
 line 251.
(pdftex.def)             Requested size: 114.83958pt x 79.6678pt.

Overfull \hbox (0.96793pt too wide) in paragraph at lines 251--256
 [][] 
 []

[5 <./image/node-eps-converted-to.pdf> <./image/angleposition-eps-converted-to.
pdf>]) (./Discussion.tex
Missing character: There is no Ô in font ptmr7t!
Missing character: There is no ¨ in font ptmr7t!
Missing character: There is no Å in font ptmr7t!
 <fig/msl.pdf, id=236, 467.34601pt x 221.02574pt>
File: fig/msl.pdf Graphic file (type pdf)

<use fig/msl.pdf>
Package pdftex.def Info: fig/msl.pdf used on input line 79.
(pdftex.def)             Requested size: 560.81241pt x 265.22955pt.
) (./Result.tex [6 <./fig/msl.pdf>]
Package epstopdf Info: Source file: <image/Node_Number.eps>
(epstopdf)                    date: 2015-12-21 21:05:20
(epstopdf)                    size: 23271 bytes
(epstopdf)             Output file: <image/Node_Number-eps-converted-to.pdf>
(epstopdf)                    date: 2016-12-15 18:59:36
(epstopdf)                    size: 8928 bytes
(epstopdf)             Command: <repstopdf --outfile=image/Node_Number-eps-conv
erted-to.pdf image/Node_Number.eps>
(epstopdf)             \includegraphics on input line 44.
Package epstopdf Info: Output file is already uptodate.

<image/Node_Number-eps-converted-to.pdf, id=250, 1204.5pt x 670.505pt>
File: image/Node_Number-eps-converted-to.pdf Graphic file (type pdf)

<use image/Node_Number-eps-converted-to.pdf>
Package pdftex.def Info: image/Node_Number-eps-converted-to.pdf used on input l
ine 44.
(pdftex.def)             Requested size: 1686.28854pt x 938.70062pt.
Package epstopdf Info: Source file: <image/Faulty_Node.eps>
(epstopdf)                    date: 2015-12-21 21:05:00
(epstopdf)                    size: 24678 bytes
(epstopdf)             Output file: <image/Faulty_Node-eps-converted-to.pdf>
(epstopdf)                    date: 2016-12-15 18:59:40
(epstopdf)                    size: 9324 bytes
(epstopdf)             Command: <repstopdf --outfile=image/Faulty_Node-eps-conv
erted-to.pdf image/Faulty_Node.eps>
(epstopdf)             \includegraphics on input line 54.
Package epstopdf Info: Output file is already uptodate.

<image/Faulty_Node-eps-converted-to.pdf, id=251, 1204.5pt x 670.505pt>
File: image/Faulty_Node-eps-converted-to.pdf Graphic file (type pdf)

<use image/Faulty_Node-eps-converted-to.pdf>
Package pdftex.def Info: image/Faulty_Node-eps-converted-to.pdf used on input l
ine 54.
(pdftex.def)             Requested size: 1686.28854pt x 938.70062pt.
Package epstopdf Info: Source file: <image/Location.eps>
(epstopdf)                    date: 2015-12-21 15:44:36
(epstopdf)                    size: 24425 bytes
(epstopdf)             Output file: <image/Location-eps-converted-to.pdf>
(epstopdf)                    date: 2016-12-15 18:59:42
(epstopdf)                    size: 10287 bytes
(epstopdf)             Command: <repstopdf --outfile=image/Location-eps-convert
ed-to.pdf image/Location.eps>
(epstopdf)             \includegraphics on input line 64.
Package epstopdf Info: Output file is already uptodate.

<image/Location-eps-converted-to.pdf, id=252, 1204.5pt x 670.505pt>
File: image/Location-eps-converted-to.pdf Graphic file (type pdf)

<use image/Location-eps-converted-to.pdf>
Package pdftex.def Info: image/Location-eps-converted-to.pdf used on input line
 64.
(pdftex.def)             Requested size: 1686.28854pt x 938.70062pt.
Package epstopdf Info: Source file: <image/Direction.eps>
(epstopdf)                    date: 2016-12-22 19:29:02
(epstopdf)                    size: 13179 bytes
(epstopdf)             Output file: <image/Direction-eps-converted-to.pdf>
(epstopdf)                    date: 2016-12-22 19:32:42
(epstopdf)                    size: 9812 bytes
(epstopdf)             Command: <repstopdf --outfile=image/Direction-eps-conver
ted-to.pdf image/Direction.eps>
(epstopdf)             \includegraphics on input line 81.
Package epstopdf Info: Output file is already uptodate.

<image/Direction-eps-converted-to.pdf, id=253, 762.85pt x 416.55624pt>
File: image/Direction-eps-converted-to.pdf Graphic file (type pdf)

<use image/Direction-eps-converted-to.pdf>
Package pdftex.def Info: image/Direction-eps-converted-to.pdf used on input lin
e 81.
(pdftex.def)             Requested size: 1067.98274pt x 583.17476pt.
Package epstopdf Info: Source file: <image/3D.eps>
(epstopdf)                    date: 2015-12-21 22:34:30
(epstopdf)                    size: 23227 bytes
(epstopdf)             Output file: <image/3D-eps-converted-to.pdf>
(epstopdf)                    date: 2016-12-15 18:59:50
(epstopdf)                    size: 9184 bytes
(epstopdf)             Command: <repstopdf --outfile=image/3D-eps-converted-to.
pdf image/3D.eps>
(epstopdf)             \includegraphics on input line 115.
Package epstopdf Info: Output file is already uptodate.

<image/3D-eps-converted-to.pdf, id=254, 1204.5pt x 670.505pt>
File: image/3D-eps-converted-to.pdf Graphic file (type pdf)

<use image/3D-eps-converted-to.pdf>
Package pdftex.def Info: image/3D-eps-converted-to.pdf used on input line 115.
(pdftex.def)             Requested size: 1686.28854pt x 938.70062pt.
Package epstopdf Info: Source file: <image/virtual.eps>
(epstopdf)                    date: 2016-12-21 18:47:12
(epstopdf)                    size: 18615 bytes
(epstopdf)             Output file: <image/virtual-eps-converted-to.pdf>
(epstopdf)                    date: 2016-12-21 18:47:50
(epstopdf)                    size: 12844 bytes
(epstopdf)             Command: <repstopdf --outfile=image/virtual-eps-converte
d-to.pdf image/virtual.eps>
(epstopdf)             \includegraphics on input line 135.
Package epstopdf Info: Output file is already uptodate.

<image/virtual-eps-converted-to.pdf, id=255, 1028.84375pt x 520.94624pt>
File: image/virtual-eps-converted-to.pdf Graphic file (type pdf)

<use image/virtual-eps-converted-to.pdf>
Package pdftex.def Info: image/virtual-eps-converted-to.pdf used on input line 
135.
(pdftex.def)             Requested size: 2057.6825pt x 1041.88995pt.
 [7 <./image/Node_Number-eps-converted-to.pdf> <./image/Faulty_Node-eps-convert
ed-to.pdf>]) (./Relatedwork.tex)
(./Conclusion.tex [8 <./image/Location-eps-converted-to.pdf> <./image/Direction
-eps-converted-to.pdf> <./image/3D-eps-converted-to.pdf> <./image/virtual-eps-c
onverted-to.pdf>]) (./Main.bbl) [9] (./Main.aux) ) 
Here is how much of TeX's memory you used:
 6205 strings out of 493093
 95665 string characters out of 6134990
 190259 words of memory out of 5000000
 9549 multiletter control sequences out of 15000+600000
 41174 words of font info for 85 fonts, out of 8000000 for 9000
 1141 hyphenation exceptions out of 8191
 42i,15n,37p,751b,405s stack positions out of 5000i,500n,10000p,200000b,80000s
{/usr/local/texlive/2015/texm
f-dist/fonts/enc/dvips/base/8r.enc}</usr/local/texlive/2015/texmf-dist/fonts/ty
pe1/public/amsfonts/cm/cmex10.pfb></usr/local/texlive/2015/texmf-dist/fonts/typ
e1/public/amsfonts/cm/cmmi10.pfb></usr/local/texlive/2015/texmf-dist/fonts/type
1/public/amsfonts/cm/cmmi7.pfb></usr/local/texlive/2015/texmf-dist/fonts/type1/
public/amsfonts/cm/cmr10.pfb></usr/local/texlive/2015/texmf-dist/fonts/type1/pu
blic/amsfonts/cm/cmr7.pfb></usr/local/texlive/2015/texmf-dist/fonts/type1/publi
c/amsfonts/cm/cmsy10.pfb></usr/local/texlive/2015/texmf-dist/fonts/type1/public
/amsfonts/cm/cmsy7.pfb></usr/local/texlive/2015/texmf-dist/fonts/type1/urw/time
s/utmb8a.pfb></usr/local/texlive/2015/texmf-dist/fonts/type1/urw/times/utmbi8a.
pfb></usr/local/texlive/2015/texmf-dist/fonts/type1/urw/times/utmr8a.pfb></usr/
local/texlive/2015/texmf-dist/fonts/type1/urw/times/utmri8a.pfb>
Output written on Main.pdf (9 pages, 2093518 bytes).
PDF statistics:
 351 PDF objects out of 1000 (max. 8388607)
 185 compressed objects within 2 object streams
 0 named destinations out of 1000 (max. 500000)
 96 words of extra memory for PDF output out of 10000 (max. 10000000)

